<?xml version="1.0" encoding="UTF-8"?>
<!-- Generated by org.testng.reporters.JUnitReportReporter -->
<testsuite hostname="Brian-PC" name="TestCases.CreateBoardTest" tests="1" failures="0" timestamp="9 Dec 2013 04:10:03 GMT" time="25.327" errors="0">
  <testcase name="test" time="25.327" classname="TestCases.CreateBoardTest"/>
</testsuite> <!-- TestCases.CreateBoardTest -->
