<?xml version="1.0" encoding="UTF-8"?>
<!-- Generated by org.testng.reporters.JUnitReportReporter -->
<testsuite hostname="Brian-PC" name="TestCases.TackCreationTest" tests="1" failures="0" timestamp="9 Dec 2013 04:10:03 GMT" time="17.926" errors="0">
  <testcase name="test" time="17.926" classname="TestCases.TackCreationTest"/>
</testsuite> <!-- TestCases.TackCreationTest -->
