<?xml version="1.0" encoding="UTF-8"?>
<!-- Generated by org.testng.reporters.JUnitReportReporter -->
<testsuite hostname="Brian-PC" name="TestCases.deleteTackTest" tests="1" failures="0" timestamp="9 Dec 2013 04:10:03 GMT" time="22.639" errors="0">
  <testcase name="test" time="22.639" classname="TestCases.deleteTackTest"/>
</testsuite> <!-- TestCases.deleteTackTest -->
