<?xml version="1.0" encoding="UTF-8"?>
<!-- Generated by org.testng.reporters.JUnitReportReporter -->
<testsuite hostname="Brian-PC" name="test" tests="1" failures="0" timestamp="5 Dec 2013 21:22:33 GMT" time="20.693" errors="0">
  <testcase name="test" time="20.693" classname="test"/>
</testsuite> <!-- test -->
